#
# There is insufficient memory for the Java Runtime Environment to continue.
# Native memory allocation (malloc) failed to allocate 1048576 bytes for AllocateHeap
# Possible reasons:
#   The system is out of physical RAM or swap space
#   The process is running with CompressedOops enabled, and the Java Heap may be blocking the growth of the native heap
# Possible solutions:
#   Reduce memory load on the system
#   Increase physical memory or swap space
#   Check if swap backing store is full
#   Decrease Java heap size (-Xmx/-Xms)
#   Decrease number of Java threads
#   Decrease Java thread stack sizes (-Xss)
#   Set larger code cache with -XX:ReservedCodeCacheSize=
#   JVM is running with Unscaled Compressed Oops mode in which the Java heap is
#     placed in the first 4GB address space. The Java Heap base address is the
#     maximum limit for the native heap growth. Please use -XX:HeapBaseMinAddress
#     to set the Java Heap base and to place the Java Heap above 4GB virtual address.
# This output file may be truncated or incomplete.
#
#  Out of Memory Error (memory/allocation.inline.hpp:61), pid=17764, tid=0x000000000000515c
#
# JRE version:  (8.0_281-b09) (build )
# Java VM: Java HotSpot(TM) 64-Bit Server VM (25.281-b09 mixed mode windows-amd64 compressed oops)
# Failed to write core dump. Minidumps are not enabled by default on client versions of Windows
#

---------------  T H R E A D  ---------------

Current thread (0x00000216c97d5800):  JavaThread "Unknown thread" [_thread_in_vm, id=20828, stack(0x000000e282700000,0x000000e282800000)]

Stack: [0x000000e282700000,0x000000e282800000]
Native frames: (J=compiled Java code, j=interpreted, Vv=VM code, C=native code)
V  [jvm.dll+0x32e5b9]
V  [jvm.dll+0x275012]
V  [jvm.dll+0x275cbd]
V  [jvm.dll+0x26c6f5]
V  [jvm.dll+0x509d]
V  [jvm.dll+0x3c96ec]
V  [jvm.dll+0x3c5a67]
V  [jvm.dll+0xfcaaf]
V  [jvm.dll+0x209a1b]
V  [jvm.dll+0x2383d7]
V  [jvm.dll+0x162566]
C  [java.exe+0x2312]
C  [java.exe+0x15f54]
C  [KERNEL32.DLL+0x17bd4]
C  [ntdll.dll+0x6ced1]


---------------  P R O C E S S  ---------------

Java Threads: ( => current thread )

Other Threads:

=>0x00000216c97d5800 (exited) JavaThread "Unknown thread" [_thread_in_vm, id=20828, stack(0x000000e282700000,0x000000e282800000)]

VM state:not at safepoint (normal execution)

VM Mutex/Monitor currently owned by a thread: None

heap address: 0x00000000c1600000, size: 1002 MB, Compressed Oops mode: 32-bit
Narrow klass base: 0x0000000000000000, Narrow klass shift: 3
Compressed class space size: 1073741824 Address: 0x0000000100000000

Heap:
 PSYoungGen      total 18944K, used 327K [0x00000000eb200000, 0x00000000ec700000, 0x0000000100000000)
  eden space 16384K, 2% used [0x00000000eb200000,0x00000000eb251ec8,0x00000000ec200000)
  from space 2560K, 0% used [0x00000000ec480000,0x00000000ec480000,0x00000000ec700000)
  to   space 2560K, 0% used [0x00000000ec200000,0x00000000ec200000,0x00000000ec480000)
 ParOldGen       total 44032K, used 0K [0x00000000c1600000, 0x00000000c4100000, 0x00000000eb200000)
  object space 44032K, 0% used [0x00000000c1600000,0x00000000c1600000,0x00000000c4100000)
 Metaspace       used 777K, capacity 4480K, committed 4480K, reserved 1056768K
  class space    used 76K, capacity 384K, committed 384K, reserved 1048576K

Card table byte_map: [0x00000216da570000,0x00000216da770000] byte_map_base: 0x00000216d9f65000

Marking Bits: (ParMarkBitMap*) 0x000000005f4f6ff0
 Begin Bits: [0x00000216da8c0000, 0x00000216db868000)
 End Bits:   [0x00000216db868000, 0x00000216dc810000)

Polling page: 0x00000216c9790000

CodeCache: size=245760Kb used=328Kb max_used=328Kb free=245431Kb
 bounds [0x00000216cb1b0000, 0x00000216cb420000, 0x00000216da1b0000]
 total_blobs=58 nmethods=0 adapters=38
 compilation: enabled

Compilation events (0 events):
No events

GC Heap History (0 events):
No events

Deoptimization events (0 events):
No events

Classes redefined (0 events):
No events

Internal exceptions (0 events):
No events

Events (10 events):
Event: 0.029 loading class java/lang/Short
Event: 0.029 loading class java/lang/Short done
Event: 0.029 loading class java/lang/Integer
Event: 0.029 loading class java/lang/Integer done
Event: 0.029 loading class java/lang/Long
Event: 0.029 loading class java/lang/Long done
Event: 0.030 loading class java/lang/NullPointerException
Event: 0.030 loading class java/lang/NullPointerException done
Event: 0.030 loading class java/lang/ArithmeticException
Event: 0.030 loading class java/lang/ArithmeticException done


Dynamic libraries:
0x00007ff7d4700000 - 0x00007ff7d4747000 	C:\Program Files\Java\jdk1.8.0_281\bin\java.exe
0x00007ffe7f1a0000 - 0x00007ffe7f390000 	C:\Windows\SYSTEM32\ntdll.dll
0x00007ffe7dfd0000 - 0x00007ffe7e082000 	C:\Windows\System32\KERNEL32.DLL
0x00007ffe7cb90000 - 0x00007ffe7ce33000 	C:\Windows\System32\KERNELBASE.dll
0x00007ffe7dca0000 - 0x00007ffe7dd43000 	C:\Windows\System32\ADVAPI32.dll
0x00007ffe7d630000 - 0x00007ffe7d6ce000 	C:\Windows\System32\msvcrt.dll
0x00007ffe7d590000 - 0x00007ffe7d627000 	C:\Windows\System32\sechost.dll
0x00007ffe7dd50000 - 0x00007ffe7de70000 	C:\Windows\System32\RPCRT4.dll
0x00007ffe7d8c0000 - 0x00007ffe7da54000 	C:\Windows\System32\USER32.dll
0x00007ffe7c130000 - 0x00007ffe7c151000 	C:\Windows\System32\win32u.dll
0x00007ffe7db20000 - 0x00007ffe7db46000 	C:\Windows\System32\GDI32.dll
0x00007ffe7d090000 - 0x00007ffe7d224000 	C:\Windows\System32\gdi32full.dll
0x00007ffe7c8e0000 - 0x00007ffe7c97e000 	C:\Windows\System32\msvcp_win.dll
0x00007ffe7c980000 - 0x00007ffe7ca7a000 	C:\Windows\System32\ucrtbase.dll
0x00007ffe6b390000 - 0x00007ffe6b615000 	C:\Windows\WinSxS\amd64_microsoft.windows.common-controls_6595b64144ccf1df_6.0.18362.592_none_e6c0b1911312be02\COMCTL32.dll
0x00007ffe7d250000 - 0x00007ffe7d586000 	C:\Windows\System32\combase.dll
0x00007ffe7cf90000 - 0x00007ffe7d010000 	C:\Windows\System32\bcryptPrimitives.dll
0x00007ffe7d740000 - 0x00007ffe7d76e000 	C:\Windows\System32\IMM32.DLL
0x00007ffe4a520000 - 0x00007ffe4a535000 	C:\Program Files\Java\jdk1.8.0_281\jre\bin\vcruntime140.dll
0x00007ffe4a200000 - 0x00007ffe4a29b000 	C:\Program Files\Java\jdk1.8.0_281\jre\bin\msvcp140.dll
0x000000005ed10000 - 0x000000005f56f000 	C:\Program Files\Java\jdk1.8.0_281\jre\bin\server\jvm.dll
0x00007ffe7db10000 - 0x00007ffe7db18000 	C:\Windows\System32\PSAPI.DLL
0x00007ffe6f8e0000 - 0x00007ffe6f8ea000 	C:\Windows\SYSTEM32\VERSION.dll
0x00007ffe6b620000 - 0x00007ffe6b629000 	C:\Windows\SYSTEM32\WSOCK32.dll
0x00007ffe788f0000 - 0x00007ffe78914000 	C:\Windows\SYSTEM32\WINMM.dll
0x00007ffe7e1f0000 - 0x00007ffe7e25f000 	C:\Windows\System32\WS2_32.dll
0x00007ffe788c0000 - 0x00007ffe788ed000 	C:\Windows\SYSTEM32\winmmbase.dll
0x00007ffe7d010000 - 0x00007ffe7d05a000 	C:\Windows\System32\cfgmgr32.dll
0x00007ffe7c080000 - 0x00007ffe7c091000 	C:\Windows\System32\kernel.appcore.dll
0x00007ffe4a4d0000 - 0x00007ffe4a4e0000 	C:\Program Files\Java\jdk1.8.0_281\jre\bin\verify.dll
0x00007ffe4a4a0000 - 0x00007ffe4a4cb000 	C:\Program Files\Java\jdk1.8.0_281\jre\bin\java.dll
0x00007ffe4a480000 - 0x00007ffe4a498000 	C:\Program Files\Java\jdk1.8.0_281\jre\bin\zip.dll
0x00007ffe6ce40000 - 0x00007ffe6d034000 	C:\Windows\SYSTEM32\dbghelp.dll

VM Arguments:
jvm_args: -Dfile.encoding=UTF-8 -Djava.security.policy=applet.policy 
java_command: dronpro.LoadedMed
java_class_path (initial): C:\Users\VIBE\Documents\NetBeansProjects\Dronpro\lib\json-20220924.jar;C:\Users\VIBE\Documents\NetBeansProjects\Dronpro\lib\gson-2.8.5.jar;C:\Users\VIBE\Documents\NetBeansProjects\Dronpro\lib\okhttp-3.14.7.jar;C:\Users\VIBE\Documents\NetBeansProjects\Dronpro\lib\okio-1.17.2.jar;C:\Users\VIBE\Documents\NetBeansProjects\Dronpro\lib\retrofit-2.8.1.jar;C:\Users\VIBE\Documents\NetBeansProjects\Dronpro\lib\retrofit-2.9.0.jar;C:\Users\VIBE\Documents\NetBeansProjects\Dronpro\lib\logging-interceptor-3.2.0.jar;C:\Users\VIBE\Documents\NetBeansProjects\Dronpro\lib\converter-gson-2.3.0.jar;C:\Users\VIBE\Documents\NetBeansProjects\Dronpro\lib\jpa20-persistence\jakarta.persistence-2.2.3.jar;C:\Users\VIBE\Documents\NetBeansProjects\Dronpro\lib\libsgen\genson-1.3.jar;C:\Users\VIBE\Documents\NetBeansProjects\Dronpro\lib\libsgen\jersey-bundle-1.9.jar;C:\Users\VIBE\Documents\NetBeansProjects\Dronpro\lib\libsgen\jersey-core-1.8.jar;C:\Users\VIBE\Documents\NetBeansProjects\Dronpro\build\classes
Launcher Type: SUN_STANDARD

Environment Variables:
PATH=C:\Program Files (x86)\Common Files\Oracle\Java\javapath;C:\Windows\system32;C:\Windows;C:\Windows\System32\Wbem;C:\Windows\System32\WindowsPowerShell\v1.0\;C:\Windows\System32\OpenSSH\;C:\Program Files (x86)\Brackets\command;C:\Program Files\PuTTY\;C:\Program Files\Git\cmd;C:\Program Files\Docker\Docker\resources\bin;C:\ProgramData\DockerDesktop\version-bin;C:\Program Files\nodejs\;C:\Users\VIBE\AppData\Local\Programs\Python\Python36\Scripts\;C:\Users\VIBE\AppData\Local\Programs\Python\Python36\;C:\Users\VIBE\AppData\Local\Microsoft\WindowsApps;C:\Users\VIBE\AppData\Local\Programs\Microsoft VS Code\bin;C:\Users\VIBE\AppData\Roaming\npm
USERNAME=VIBE
OS=Windows_NT
PROCESSOR_IDENTIFIER=Intel64 Family 6 Model 42 Stepping 7, GenuineIntel



---------------  S Y S T E M  ---------------

OS: Windows 10.0 , 64 bit Build 18362 (10.0.18362.329)

CPU:total 8 (initial active 8) (4 cores per cpu, 2 threads per core) family 6 model 42 stepping 7, cmov, cx8, fxsr, mmx, sse, sse2, sse3, ssse3, sse4.1, sse4.2, popcnt, avx, aes, clmul, ht, tsc, tscinvbit

Memory: 4k page, physical 4102504k(244852k free), swap 16685416k(5036k free)

vm_info: Java HotSpot(TM) 64-Bit Server VM (25.281-b09) for windows-amd64 JRE (1.8.0_281-b09), built on Dec  9 2020 13:54:07 by "" with MS VC++ 15.9 (VS2017)

time: Thu Oct 27 16:18:46 2022
timezone: W. Central Africa Standard Time
elapsed time: 0.059222 seconds (0d 0h 0m 0s)

